<?xml version="1.0" encoding="UTF-8"?>
<!-- Generated by org.testng.reporters.JUnitReportReporter -->
<testsuite skipped="0" hostname="IBM272-R901870G" name="testCases.Reg_GD_E2E434_TC000_Cambio_de_SIM_a_Microsim_CLIENTE_POSPAGO" tests="1" failures="0" timestamp="02 jul 2018 09:13:58 GMT" time="52.402" errors="0">
  <testcase name="MainTest" time="52.402" classname="testCases.Reg_GD_E2E434_TC000_Cambio_de_SIM_a_Microsim_CLIENTE_POSPAGO"/>
</testsuite> <!-- testCases.Reg_GD_E2E434_TC000_Cambio_de_SIM_a_Microsim_CLIENTE_POSPAGO -->
